<?xml version="1.0" encoding="UTF-8"?>
<!-- Generated by org.testng.reporters.JUnitReportReporter -->
<testsuite hostname="lenovo120S" name="org.utils.ShareDataTest" tests="1" failures="0" timestamp="13 Jul 2018 23:03:03 GMT" time="0.017" errors="0">
  <testcase name="dataConsumingTest" time="0.017" classname="org.utils.ShareDataTest"/>
</testsuite> <!-- org.utils.ShareDataTest -->
