<?xml version="1.0" encoding="UTF-8"?>
<!-- Generated by org.testng.reporters.JUnitReportReporter -->
<testsuite hostname="lenovo120S" name="org.utils.VisualTest" tests="2" failures="0" timestamp="13 Jul 2018 23:03:03 GMT" time="7.547" errors="0">
  <testcase name="imageResizeTest" time="3.295" classname="org.utils.VisualTest"/>
  <testcase name="imageCompareTest" time="4.252" classname="org.utils.VisualTest"/>
</testsuite> <!-- org.utils.VisualTest -->
